
5월 12, 2025 10:12:43.03 NEW SESSION
5월 12, 2025 10:12:43.04 Created TensorFlow Lite XNNPACK delegate for CPU.
5월 12, 2025 12:01:38.01 [19660:12276:0512/120138.015:ERROR:mojo\public\cpp\bindings\lib\interface_endpoint_client.cc:725] Message 1 rejected by interface blink.mojom.WidgetHost
5월 12, 2025 12:01:38.01 [19660:12276:0512/120138.015:ERROR:mojo\public\cpp\bindings\lib\interface_endpoint_client.cc:725] Message 1 rejected by interface blink.mojom.WidgetHost
5월 12, 2025 18:18:29.56 Created TensorFlow Lite XNNPACK delegate for CPU.
5월 12, 2025 19:11:34.75 Created TensorFlow Lite XNNPACK delegate for CPU.

5월 13, 2025 10:04:01.04 NEW SESSION
5월 13, 2025 10:04:01.04 Created TensorFlow Lite XNNPACK delegate for CPU.
5월 13, 2025 10:04:11.49 Created TensorFlow Lite XNNPACK delegate for CPU.
5월 13, 2025 10:19:44.27 [11876:14948:0513/101944.277:ERROR:mojo\public\cpp\bindings\lib\interface_endpoint_client.cc:725] Message 1 rejected by interface blink.mojom.WidgetHost
5월 13, 2025 10:19:44.27 [11876:14948:0513/101944.277:ERROR:mojo\public\cpp\bindings\lib\interface_endpoint_client.cc:725] Message 1 rejected by interface blink.mojom.WidgetHost

5월 16, 2025 09:23:46.88 NEW SESSION
5월 16, 2025 09:23:46.89 Created TensorFlow Lite XNNPACK delegate for CPU.

5월 16, 2025 17:33:24.34 NEW SESSION
5월 16, 2025 17:33:24.35 Created TensorFlow Lite XNNPACK delegate for CPU.

5월 19, 2025 10:03:20.37 NEW SESSION
5월 19, 2025 10:03:20.38 Created TensorFlow Lite XNNPACK delegate for CPU.
5월 19, 2025 12:48:32.68 [16420:1180:0519/124832.681:ERROR:chrome\browser\ui\webui\new_tab_page\new_tab_page_handler.cc:1353] NewTabPage loaded into a non-browser-tab context
5월 19, 2025 15:50:30.26 Created TensorFlow Lite XNNPACK delegate for CPU.
5월 19, 2025 15:51:31.37 Created TensorFlow Lite XNNPACK delegate for CPU.
5월 19, 2025 16:26:41.77 [4660:19848:0519/162641.777:ERROR:mojo\public\cpp\bindings\lib\interface_endpoint_client.cc:725] Message 1 rejected by interface blink.mojom.WidgetHost
5월 19, 2025 16:26:41.77 [4660:19848:0519/162641.777:ERROR:mojo\public\cpp\bindings\lib\interface_endpoint_client.cc:725] Message 1 rejected by interface blink.mojom.WidgetHost

5월 20, 2025 16:05:46.95 NEW SESSION
5월 20, 2025 16:05:46.95 Created TensorFlow Lite XNNPACK delegate for CPU.
5월 20, 2025 16:17:58.33 Created TensorFlow Lite XNNPACK delegate for CPU.
5월 20, 2025 16:23:58.06 [14176:17504:0520/162358.064:ERROR:mojo\public\cpp\bindings\lib\interface_endpoint_client.cc:725] Message 1 rejected by interface blink.mojom.WidgetHost

5월 21, 2025 18:13:34.94 NEW SESSION
5월 21, 2025 18:13:34.95 Created TensorFlow Lite XNNPACK delegate for CPU.
5월 21, 2025 18:59:33.22 [10652:17504:0521/185933.220:ERROR:mojo\public\cpp\bindings\lib\interface_endpoint_client.cc:725] Message 1 rejected by interface blink.mojom.WidgetHost

5월 22, 2025 09:41:02.74 NEW SESSION
5월 22, 2025 09:41:02.74 Created TensorFlow Lite XNNPACK delegate for CPU.
5월 22, 2025 09:42:25.11 [17556:11036:0522/094225.119:ERROR:mojo\public\cpp\bindings\lib\interface_endpoint_client.cc:725] Message 1 rejected by interface blink.mojom.WidgetHost
5월 22, 2025 09:42:25.11 [17556:11036:0522/094225.119:ERROR:mojo\public\cpp\bindings\lib\interface_endpoint_client.cc:725] Message 1 rejected by interface blink.mojom.WidgetHost

5월 23, 2025 09:24:12.28 NEW SESSION
5월 23, 2025 09:24:12.29 Created TensorFlow Lite XNNPACK delegate for CPU.
5월 23, 2025 09:24:29.67 Created TensorFlow Lite XNNPACK delegate for CPU.
5월 23, 2025 09:44:12.77 [9692:11484:0523/094412.773:ERROR:mojo\public\cpp\bindings\lib\interface_endpoint_client.cc:725] Message 1 rejected by interface blink.mojom.WidgetHost
5월 23, 2025 10:46:55.64 [9692:11484:0523/104655.644:ERROR:components\device_event_log\device_event_log_impl.cc:202] [10:46:55.643] USB: usb_service_win.cc:105 SetupDiGetDeviceProperty({{A45C254E-DF1C-4EFD-8020-67D146A850E0}, 6}) failed: 요소가 없습니다. (0x490)
5월 23, 2025 10:46:56.73 [9692:11484:0523/104656.733:ERROR:components\device_event_log\device_event_log_impl.cc:202] [10:46:56.731] USB: usb_service_win.cc:105 SetupDiGetDeviceProperty({{A45C254E-DF1C-4EFD-8020-67D146A850E0}, 6}) failed: 요소가 없습니다. (0x490)
5월 23, 2025 10:48:33.82 Created TensorFlow Lite XNNPACK delegate for CPU.

5월 26, 2025 09:35:32.16 NEW SESSION
5월 26, 2025 09:35:32.17 Created TensorFlow Lite XNNPACK delegate for CPU.
5월 26, 2025 10:17:50.28 [18388:14500:0526/101750.284:ERROR:mojo\public\cpp\bindings\lib\interface_endpoint_client.cc:725] Message 1 rejected by interface blink.mojom.WidgetHost
5월 26, 2025 10:17:50.28 [18388:14500:0526/101750.284:ERROR:mojo\public\cpp\bindings\lib\interface_endpoint_client.cc:725] Message 1 rejected by interface blink.mojom.WidgetHost

5월 26, 2025 12:14:30.28 NEW SESSION
5월 26, 2025 12:14:30.29 Created TensorFlow Lite XNNPACK delegate for CPU.
5월 26, 2025 17:36:02.10 Created TensorFlow Lite XNNPACK delegate for CPU.
5월 26, 2025 17:36:10.43 Created TensorFlow Lite XNNPACK delegate for CPU.

5월 28, 2025 09:36:50.68 NEW SESSION
5월 28, 2025 09:36:50.68 Created TensorFlow Lite XNNPACK delegate for CPU.
5월 28, 2025 09:48:38.17 [7616:10936:0528/094838.179:ERROR:mojo\public\cpp\bindings\lib\interface_endpoint_client.cc:725] Message 0 rejected by interface blink.mojom.WidgetHost
5월 28, 2025 09:55:40.03 [7616:10936:0528/095540.032:ERROR:chrome\browser\ui\webui\new_tab_page\new_tab_page_handler.cc:1353] NewTabPage loaded into a non-browser-tab context

5월 29, 2025 09:35:26.18 NEW SESSION
5월 29, 2025 09:35:26.19 Created TensorFlow Lite XNNPACK delegate for CPU.
5월 29, 2025 10:25:42.61 [17164:15520:0529/102542.618:ERROR:mojo\public\cpp\bindings\lib\interface_endpoint_client.cc:725] Message 1 rejected by interface blink.mojom.WidgetHost
5월 29, 2025 10:25:42.61 [17164:15520:0529/102542.618:ERROR:mojo\public\cpp\bindings\lib\interface_endpoint_client.cc:725] Message 1 rejected by interface blink.mojom.WidgetHost
5월 29, 2025 11:23:44.67 [17164:15520:0529/112344.670:ERROR:mojo\public\cpp\bindings\lib\interface_endpoint_client.cc:725] Message 1 rejected by interface blink.mojom.WidgetHost
5월 29, 2025 11:23:44.67 [17164:15520:0529/112344.670:ERROR:mojo\public\cpp\bindings\lib\interface_endpoint_client.cc:725] Message 1 rejected by interface blink.mojom.WidgetHost

5월 30, 2025 09:24:57.09 NEW SESSION
5월 30, 2025 09:24:57.09 Created TensorFlow Lite XNNPACK delegate for CPU.
5월 30, 2025 09:24:57.44 [17804:13064:0530/092457.446:ERROR:google_apis\gcm\engine\registration_request.cc:291] Registration response error message: DEPRECATED_ENDPOINT
5월 30, 2025 09:25:00.24 [17804:3804:0530/092500.245:ERROR:chrome\browser\policy\cloud\fm_registration_token_uploader.cc:179] Client is missing for kUser scope
5월 30, 2025 09:25:20.68 [17804:13064:0530/092520.672:ERROR:google_apis\gcm\engine\registration_request.cc:291] Registration response error message: DEPRECATED_ENDPOINT
5월 30, 2025 09:26:14.94 [17804:13064:0530/092614.949:ERROR:google_apis\gcm\engine\registration_request.cc:291] Registration response error message: DEPRECATED_ENDPOINT
5월 30, 2025 09:27:59.31 [17804:13064:0530/092759.313:ERROR:google_apis\gcm\engine\registration_request.cc:291] Registration response error message: DEPRECATED_ENDPOINT
5월 30, 2025 09:31:02.59 [17804:13064:0530/093102.588:ERROR:google_apis\gcm\engine\registration_request.cc:291] Registration response error message: DEPRECATED_ENDPOINT
5월 30, 2025 09:38:50.66 [17804:13064:0530/093850.666:ERROR:google_apis\gcm\engine\registration_request.cc:291] Registration response error message: DEPRECATED_ENDPOINT
5월 30, 2025 12:55:11.93 [17804:13064:0530/125511.929:ERROR:google_apis\gcm\engine\connection_factory_impl.cc:483] ConnectionHandler failed with net error: -2
5월 30, 2025 13:41:14.95 [17804:13064:0530/134114.959:ERROR:google_apis\gcm\engine\connection_factory_impl.cc:483] ConnectionHandler failed with net error: -2
5월 30, 2025 13:41:16.97 [17804:13064:0530/134116.979:ERROR:google_apis\gcm\engine\connection_factory_impl.cc:434] Failed to connect to MCS endpoint with error -106
5월 30, 2025 14:41:01.27 [17804:3804:0530/144101.270:ERROR:components\device_event_log\device_event_log_impl.cc:202] [14:41:01.270] USB: usb_service_win.cc:105 SetupDiGetDeviceProperty({{A45C254E-DF1C-4EFD-8020-67D146A850E0}, 6}) failed: 요소가 없습니다. (0x490)
5월 30, 2025 14:41:03.06 [17804:3804:0530/144103.069:ERROR:components\device_event_log\device_event_log_impl.cc:202] [14:41:03.066] USB: usb_service_win.cc:105 SetupDiGetDeviceProperty({{A45C254E-DF1C-4EFD-8020-67D146A850E0}, 6}) failed: 요소가 없습니다. (0x490)
5월 30, 2025 15:35:06.37 [17804:3804:0530/153506.374:ERROR:chrome\browser\ui\webui\new_tab_page\new_tab_page_handler.cc:1353] NewTabPage loaded into a non-browser-tab context
5월 30, 2025 17:02:28.42 [15052:21148:0530/170228.425:ERROR:chrome\browser\policy\cloud\fm_registration_token_uploader.cc:179] Client is missing for kUser scope
5월 30, 2025 17:02:28.48 Created TensorFlow Lite XNNPACK delegate for CPU.
5월 30, 2025 17:02:28.58 [15052:16692:0530/170228.588:ERROR:google_apis\gcm\engine\registration_request.cc:291] Registration response error message: DEPRECATED_ENDPOINT
5월 30, 2025 17:02:58.29 [15052:16692:0530/170258.291:ERROR:google_apis\gcm\engine\registration_request.cc:291] Registration response error message: DEPRECATED_ENDPOINT
5월 30, 2025 17:03:45.36 [15052:16692:0530/170345.362:ERROR:google_apis\gcm\engine\registration_request.cc:291] Registration response error message: DEPRECATED_ENDPOINT
5월 30, 2025 17:05:16.20 [15052:16692:0530/170516.199:ERROR:google_apis\gcm\engine\registration_request.cc:291] Registration response error message: DEPRECATED_ENDPOINT
5월 30, 2025 17:09:12.10 [15052:16692:0530/170912.107:ERROR:google_apis\gcm\engine\registration_request.cc:291] Registration response error message: DEPRECATED_ENDPOINT
5월 30, 2025 17:11:42.13 [15052:21148:0530/171142.134:ERROR:mojo\public\cpp\bindings\lib\interface_endpoint_client.cc:725] Message 1 rejected by interface blink.mojom.WidgetHost
5월 30, 2025 17:15:04.55 [15052:16692:0530/171504.549:ERROR:google_apis\gcm\engine\registration_request.cc:291] Registration response error message: DEPRECATED_ENDPOINT

6월 02, 2025 09:41:55.61 NEW SESSION
6월 02, 2025 09:41:55.61 [19424:11984:0602/094155.609:ERROR:chrome\browser\policy\cloud\fm_registration_token_uploader.cc:179] Client is missing for kUser scope
6월 02, 2025 09:41:55.71 Created TensorFlow Lite XNNPACK delegate for CPU.
6월 02, 2025 09:41:55.77 [19424:14580:0602/094155.771:ERROR:components\system_cpu\cpu_probe_win.cc:134] PdhGetFormattedCounterValue failed: Error (0x13D) while retrieving error. (0x800007D6)
6월 02, 2025 09:41:55.77 [19424:17852:0602/094155.775:ERROR:google_apis\gcm\engine\registration_request.cc:291] Registration response error message: DEPRECATED_ENDPOINT
6월 02, 2025 09:42:23.33 [19424:17852:0602/094223.336:ERROR:google_apis\gcm\engine\registration_request.cc:291] Registration response error message: QUOTA_EXCEEDED
6월 02, 2025 09:46:47.34 [18892:1424:0602/094647.345:ERROR:chrome\browser\policy\cloud\fm_registration_token_uploader.cc:179] Client is missing for kUser scope
6월 02, 2025 09:46:47.39 Created TensorFlow Lite XNNPACK delegate for CPU.
6월 02, 2025 09:46:47.50 [18892:9228:0602/094647.501:ERROR:google_apis\gcm\engine\registration_request.cc:291] Registration response error message: DEPRECATED_ENDPOINT
6월 02, 2025 09:47:14.30 [18892:9228:0602/094714.300:ERROR:google_apis\gcm\engine\registration_request.cc:291] Registration response error message: DEPRECATED_ENDPOINT
6월 02, 2025 09:48:13.87 [18892:9228:0602/094813.870:ERROR:google_apis\gcm\engine\registration_request.cc:291] Registration response error message: DEPRECATED_ENDPOINT
6월 02, 2025 09:50:05.54 [18892:9228:0602/095005.548:ERROR:google_apis\gcm\engine\registration_request.cc:291] Registration response error message: DEPRECATED_ENDPOINT
6월 02, 2025 09:53:29.19 [18892:9228:0602/095329.196:ERROR:google_apis\gcm\engine\registration_request.cc:291] Registration response error message: DEPRECATED_ENDPOINT
6월 02, 2025 09:59:38.63 [18892:9228:0602/095938.631:ERROR:google_apis\gcm\engine\registration_request.cc:291] Registration response error message: DEPRECATED_ENDPOINT
6월 02, 2025 11:36:20.98 [18892:1424:0602/113620.986:ERROR:components\device_event_log\device_event_log_impl.cc:202] [11:36:20.986] USB: usb_service_win.cc:105 SetupDiGetDeviceProperty({{A45C254E-DF1C-4EFD-8020-67D146A850E0}, 6}) failed: 요소가 없습니다. (0x490)
6월 02, 2025 11:36:22.03 [18892:1424:0602/113622.034:ERROR:components\device_event_log\device_event_log_impl.cc:202] [11:36:22.034] USB: usb_service_win.cc:105 SetupDiGetDeviceProperty({{A45C254E-DF1C-4EFD-8020-67D146A850E0}, 6}) failed: 요소가 없습니다. (0x490)
6월 02, 2025 14:28:55.74 [18892:1424:0602/142855.740:ERROR:mojo\public\cpp\bindings\lib\interface_endpoint_client.cc:725] Message 1 rejected by interface blink.mojom.WidgetHost
